<?xml version="1.0" encoding="UTF-8" standalone="no"?>
<testsuite errors="0" failures="0" name="io.cucumber.core.plugin.JUnitFormatter" skipped="0" tests="1" time="17.198">
    <testcase classname="Logout functionality" name="The user can not go to the home page again by clicking the step back button after successfully logging out" time="16.861">
        <system-out>
            <![CDATA[Given The user go to the login page.........................................passed
When The user enters userName,password and click on the login button........passed
Then User should land on the Quick Launchpad page...........................passed
Given User click on the log out button inside profile info..................passed
When User click to back button..............................................passed
Then User can not go to home page...........................................passed
]]>
        </system-out>
    </testcase>
</testsuite>
