<?xml version="1.0" encoding="UTF-8" standalone="no"?>
<testsuite errors="0" failures="0" name="io.cucumber.core.plugin.JUnitFormatter" skipped="0" tests="3" time="14.007">
    <testcase classname="Login functionality" name="&quot;Please fill out this field&quot; message should be displayed if the password or username is empty" time="5.253">
        <system-out>
            <![CDATA[Given The user on the login page............................................passed
Given The users try to login with "" and "UserUser123"......................passed
Then "Please fill out this field." message should be displayed..............passed
]]>
        </system-out>
    </testcase>
    <testcase classname="Login functionality" name="&quot;Please fill out this field&quot; message should be displayed if the password or username is empty 2" time="3.914">
        <system-out>
            <![CDATA[Given The user on the login page............................................passed
Given The users try to login with "user1" and ""............................passed
Then "Please fill out this field." message should be displayed..............passed
]]>
        </system-out>
    </testcase>
    <testcase classname="Login functionality" name="&quot;Please fill out this field&quot; message should be displayed if the password or username is empty 3" time="4.555">
        <system-out>
            <![CDATA[Given The user on the login page............................................passed
Given The users try to login with "" and "".................................passed
Then "Please fill out this field." message should be displayed..............passed
]]>
        </system-out>
    </testcase>
</testsuite>
